<?xml version="1.0" encoding="UTF-8"?><testsuite failures="1" name="cucumber.runtime.formatter.JUnitFormatter" skipped="0" tests="1" time="11.595675">
<testcase classname="Deal data creation" name="Free CRM Create a new deal scenario" time="11.595675">
<failure message="junit.framework.ComparisonFailure: expected:&lt;[#1 Free CRM for Any Business: Online Customer Relationship Softwar]e&gt; but was:&lt;[Free CRM software in the cloud powers sales and customer servic]e&gt;&#13;&#10;&#9;at junit.framework.Assert.assertEquals(Assert.java:100)&#13;&#10;&#9;at junit.framework.Assert.assertEquals(Assert.java:107)&#13;&#10;&#9;at stepDefinations.DealsStepWithMapDefinition.title_of_login_page_is_Free_CRM(DealsStepWithMapDefinition.java:36)&#13;&#10;&#9;at ✽.When title of login page is Free CRM(D:/Project Management/com.qa.freecrm.bdd/src/main/java/features/deals.feature:6)&#13;&#10;"><![CDATA[Given user is already on Login Page.........................................passed
When title of login page is Free CRM........................................failed
Then user enters username and password......................................skipped
Then user clicks on login button............................................skipped
Then user is on home page...................................................skipped
Then user moves to new deal page............................................skipped
Then user enters deal details...............................................skipped
Then Close the browser......................................................skipped

StackTrace:
junit.framework.ComparisonFailure: expected:<[#1 Free CRM for Any Business: Online Customer Relationship Softwar]e> but was:<[Free CRM software in the cloud powers sales and customer servic]e>
	at junit.framework.Assert.assertEquals(Assert.java:100)
	at junit.framework.Assert.assertEquals(Assert.java:107)
	at stepDefinations.DealsStepWithMapDefinition.title_of_login_page_is_Free_CRM(DealsStepWithMapDefinition.java:36)
	at ✽.When title of login page is Free CRM(D:/Project Management/com.qa.freecrm.bdd/src/main/java/features/deals.feature:6)
]]></failure>
</testcase>
</testsuite>
